<?xml version="1.0" encoding="UTF-8"?>
<!-- Generated by org.testng.reporters.JUnitReportReporter -->
<testsuite hostname="Emilianos-Mac-mini.local" failures="0" tests="6" name="Academy.HomePage" time="15.616" errors="0" timestamp="2020-09-04T12:35:40 UYT" skipped="0">
  <testcase classname="Academy.HomePage" name="validateAppTitle" time="0.294"/>
  <system-out/>
  <testcase classname="Academy.HomePage" name="validateNavigationBarHome" time="3.204"/>
  <system-out/>
  <testcase classname="Academy.HomePage" name="validateNavigationBarServices" time="3.118"/>
  <system-out/>
  <testcase classname="Academy.HomePage" name="validateNavigationBarWork" time="6.121"/>
  <system-out/>
  <testcase classname="Academy.HomePage" name="validateNavigationBarCareers" time="2.308"/>
  <system-out/>
  <testcase classname="Academy.HomePage" name="validateAppNavBar" time="0.571"/>
  <system-out/>
</testsuite> <!-- Academy.HomePage -->
