<?xml version="1.0" encoding="UTF-8"?>
<!-- Generated by org.testng.reporters.JUnitReportReporter -->
<testsuite hostname="Emilianos-Mac-mini.local" failures="0" tests="11" name="Academy.HomePage" time="60.845" errors="0" timestamp="2020-09-04T18:25:41 UYT" skipped="0">
  <testcase classname="Academy.HomePage" name="validateAppNavBar" time="0.388"/>
  <system-out/>
  <testcase classname="Academy.HomePage" name="validateTeamImagesDisplayed" time="7.931"/>
  <system-out/>
  <testcase classname="Academy.HomePage" name="validateNavigationBarHome" time="3.313"/>
  <system-out/>
  <testcase classname="Academy.HomePage" name="validateOurWorkCarousel" time="13.347"/>
  <system-out/>
  <testcase classname="Academy.HomePage" name="validateLetsTalkButton" time="9.333"/>
  <system-out/>
  <testcase classname="Academy.HomePage" name="validateUnderlinedNavigationBar" time="11.509"/>
  <system-out/>
  <testcase classname="Academy.HomePage" name="validateNavigationBarCareers" time="2.387"/>
  <system-out/>
  <testcase classname="Academy.HomePage" name="validateNavigationBarWork" time="6.191"/>
  <system-out/>
  <testcase classname="Academy.HomePage" name="validateAppTitle" time="0.604"/>
  <system-out/>
  <testcase classname="Academy.HomePage" name="validateNavigationBarContact" time="2.600"/>
  <system-out/>
  <testcase classname="Academy.HomePage" name="validateNavigationBarServices" time="3.242"/>
  <system-out/>
</testsuite> <!-- Academy.HomePage -->
